TN:
SF:src\components\dashboard\Settings.jsx
FN:7,Settings
FNF:1
FNH:0
FNDA:0,Settings
DA:1,1
DA:2,1
DA:3,1
DA:4,1
DA:5,1
DA:6,1
DA:7,1
DA:8,0
DA:9,0
DA:10,0
DA:11,0
DA:12,0
DA:13,0
DA:14,0
DA:15,0
DA:16,0
DA:17,0
DA:18,0
DA:19,0
DA:20,0
DA:21,0
DA:22,0
DA:23,0
DA:24,0
DA:25,0
DA:26,0
DA:27,0
DA:28,0
DA:29,0
DA:30,0
DA:31,0
DA:32,0
DA:33,0
DA:34,0
DA:35,0
DA:36,0
DA:37,0
DA:38,0
DA:39,0
DA:40,0
DA:41,0
DA:42,0
DA:43,0
DA:44,0
DA:45,0
DA:46,0
DA:47,0
DA:48,0
DA:49,0
DA:50,0
DA:51,0
DA:52,0
DA:53,0
DA:54,0
DA:55,0
DA:56,0
DA:57,0
DA:58,0
DA:59,0
DA:60,0
DA:61,0
DA:62,0
DA:63,0
DA:64,0
DA:65,0
DA:66,0
DA:67,0
DA:68,0
DA:69,0
DA:70,0
DA:71,0
DA:72,0
DA:73,0
DA:74,0
DA:75,0
DA:76,0
DA:77,0
DA:78,0
DA:79,0
DA:80,0
DA:81,0
DA:82,0
DA:83,0
DA:84,0
DA:85,0
DA:86,0
DA:87,0
DA:88,0
DA:89,0
DA:90,0
DA:91,0
DA:92,0
DA:93,0
DA:94,0
DA:95,0
DA:96,0
DA:97,0
DA:98,0
DA:99,0
DA:100,0
DA:101,0
DA:102,0
DA:103,0
DA:104,0
DA:105,0
DA:106,0
DA:107,0
DA:108,0
DA:109,0
DA:110,0
DA:111,0
DA:112,0
DA:113,0
DA:114,0
DA:115,0
DA:116,0
DA:117,0
DA:118,0
DA:119,0
DA:120,0
DA:121,0
DA:122,0
DA:123,0
DA:124,0
DA:125,0
DA:126,0
DA:127,0
DA:128,0
DA:129,0
DA:130,0
DA:131,0
DA:132,0
DA:133,0
DA:134,0
DA:135,0
DA:136,0
DA:137,0
DA:138,0
DA:139,0
DA:140,0
DA:141,0
DA:142,0
DA:143,0
DA:144,0
DA:145,0
DA:146,0
DA:147,0
DA:148,0
DA:149,1
DA:150,1
LF:150
LH:9
BRF:0
BRH:0
end_of_record
TN:
SF:src\components\dashboard\Statistics.jsx
FN:3,Statistics
FN:31,formatLargeNumber
FNF:2
FNH:1
FNDA:17,Statistics
FNDA:0,formatLargeNumber
DA:1,1
DA:2,1
DA:3,1
DA:4,17
DA:5,17
DA:6,17
DA:7,17
DA:8,17
DA:9,17
DA:10,17
DA:11,17
DA:12,17
DA:13,0
DA:14,0
DA:15,0
DA:16,0
DA:17,0
DA:18,0
DA:19,0
DA:20,0
DA:21,0
DA:22,0
DA:23,0
DA:24,0
DA:25,0
DA:26,0
DA:27,0
DA:28,0
DA:29,17
DA:30,17
DA:31,17
DA:32,0
DA:33,0
DA:34,0
DA:35,0
DA:36,0
DA:37,0
DA:38,0
DA:39,0
DA:40,17
DA:41,17
DA:42,17
DA:43,17
DA:44,17
DA:45,17
DA:46,17
DA:47,17
DA:48,17
DA:49,17
DA:50,17
DA:51,17
DA:52,17
DA:53,17
DA:54,17
DA:55,17
DA:56,17
DA:57,17
DA:58,17
DA:59,17
DA:60,17
DA:61,17
DA:62,17
DA:63,17
DA:64,17
DA:65,17
DA:66,17
DA:67,17
DA:68,17
DA:69,17
DA:70,17
DA:71,17
DA:72,17
DA:73,17
DA:74,17
DA:75,17
DA:76,17
DA:77,17
DA:78,17
DA:79,17
DA:80,17
DA:81,17
DA:82,17
DA:83,17
DA:84,17
DA:85,17
DA:86,17
DA:87,17
DA:88,17
DA:89,17
DA:90,17
DA:91,0
DA:92,0
DA:93,0
DA:94,0
DA:95,0
DA:96,0
DA:97,0
DA:98,0
DA:99,0
DA:100,0
DA:101,0
DA:102,0
DA:103,0
DA:104,0
DA:105,0
DA:106,0
DA:107,0
DA:108,0
DA:109,0
DA:110,0
DA:111,0
DA:112,17
DA:113,17
DA:114,17
DA:115,17
DA:116,17
DA:117,17
DA:118,17
DA:119,17
DA:120,17
DA:121,17
DA:122,17
DA:123,17
DA:124,0
DA:125,0
DA:126,0
DA:127,0
DA:128,0
DA:129,0
DA:130,0
DA:131,0
DA:132,0
DA:133,0
DA:134,0
DA:135,0
DA:136,0
DA:137,0
DA:138,0
DA:139,0
DA:140,0
DA:141,0
DA:142,0
DA:143,0
DA:144,0
DA:145,0
DA:146,0
DA:147,0
DA:148,17
DA:149,17
DA:150,17
DA:151,17
DA:152,17
DA:153,17
DA:154,1
DA:155,1
DA:156,1
DA:157,1
DA:158,1
DA:159,1
DA:160,1
DA:161,1
DA:162,1
DA:163,1
DA:164,1
LF:164
LH:95
BRDA:3,0,0,17
BRF:1
BRH:1
end_of_record
TN:
SF:src\context\AuthContext.jsx
FN:5,useAuth
FN:7,AuthProvider
FN:20,login
FN:25,logout
FN:30,register
FNF:5
FNH:1
FNDA:0,useAuth
FNDA:29,AuthProvider
FNDA:0,login
FNDA:0,logout
FNDA:0,register
DA:1,1
DA:2,1
DA:3,1
DA:4,1
DA:5,1
DA:6,1
DA:7,1
DA:8,29
DA:9,29
DA:10,29
DA:11,29
DA:12,0
DA:13,0
DA:14,0
DA:15,0
DA:16,0
DA:17,0
DA:18,29
DA:19,29
DA:20,29
DA:21,0
DA:22,0
DA:23,29
DA:24,29
DA:25,29
DA:26,0
DA:27,0
DA:28,29
DA:29,29
DA:30,29
DA:31,0
DA:32,0
DA:33,0
DA:34,29
DA:35,29
DA:36,29
DA:37,29
DA:38,29
DA:39,29
DA:40,29
DA:41,29
DA:42,29
DA:43,29
DA:44,29
DA:45,29
DA:46,29
LF:46
LH:33
BRDA:7,0,0,29
BRF:1
BRH:1
end_of_record
TN:
SF:src\context\ThemeContext.jsx
FN:6,useTheme
FN:8,ThemeProvider
FNF:2
FNH:0
FNDA:0,useTheme
FNDA:0,ThemeProvider
DA:1,1
DA:2,1
DA:3,1
DA:4,1
DA:5,1
DA:6,1
DA:7,1
DA:8,1
DA:9,0
DA:10,0
DA:11,0
DA:12,0
DA:13,0
DA:14,0
DA:15,0
DA:16,0
DA:17,0
DA:18,0
DA:19,0
DA:20,0
DA:21,0
DA:22,0
DA:23,0
DA:24,0
DA:25,0
DA:26,0
DA:27,0
DA:28,0
DA:29,0
DA:30,0
DA:31,0
DA:32,0
DA:33,0
DA:34,0
DA:35,0
DA:36,0
DA:37,0
DA:38,0
DA:39,0
DA:40,0
DA:41,0
DA:42,0
DA:43,0
DA:44,0
DA:45,0
DA:46,0
DA:47,0
DA:48,0
DA:49,0
DA:50,0
DA:51,0
DA:52,0
DA:53,0
DA:54,0
LF:54
LH:8
BRF:0
BRH:0
end_of_record
TN:
SF:src\pages\CountryDetails.jsx
FN:2,asyncGeneratorStep
FN:2,_asyncToGenerator
FN:2,_next
FN:2,_throw
FN:2,_slicedToArray
FN:2,_nonIterableRest
FN:2,_unsupportedIterableToArray
FN:2,_arrayLikeToArray
FN:2,_iterableToArrayLimit
FN:2,_arrayWithHoles
FN:6,CountryDetails
FN:15,_callee
FN:15,_callee$
FN:92,formatObjectToArray
FN:107,onClick
FNF:15
FNH:11
FNDA:11,asyncGeneratorStep
FNDA:6,_asyncToGenerator
FNDA:10,_next
FNDA:1,_throw
FNDA:37,_slicedToArray
FNDA:0,_nonIterableRest
FNDA:0,_unsupportedIterableToArray
FNDA:0,_arrayLikeToArray
FNDA:0,_iterableToArrayLimit
FNDA:37,_arrayWithHoles
FNDA:11,CountryDetails
FNDA:6,_callee
FNDA:16,_callee$
FNDA:4,formatObjectToArray
FNDA:1,onClick
DA:1,1
DA:2,37
DA:3,1
DA:4,1
DA:5,1
DA:6,1
DA:7,11
DA:8,11
DA:9,11
DA:10,11
DA:11,11
DA:12,11
DA:13,11
DA:14,11
DA:15,6
DA:16,6
DA:17,6
DA:18,6
DA:19,4
DA:20,4
DA:21,4
DA:22,4
DA:23,4
DA:24,4
DA:25,4
DA:26,4
DA:27,4
DA:28,4
DA:29,4
DA:30,4
DA:31,4
DA:32,4
DA:33,4
DA:34,4
DA:35,4
DA:36,4
DA:37,4
DA:38,1
DA:39,1
DA:40,5
DA:41,5
DA:42,6
DA:43,6
DA:44,6
DA:45,6
DA:46,11
DA:47,11
DA:48,11
DA:49,6
DA:50,6
DA:51,6
DA:52,6
DA:53,6
DA:54,6
DA:55,6
DA:56,6
DA:57,6
DA:58,6
DA:59,6
DA:60,5
DA:61,5
DA:62,5
DA:63,5
DA:64,5
DA:65,5
DA:66,5
DA:67,5
DA:68,5
DA:69,11
DA:70,1
DA:71,1
DA:72,1
DA:73,1
DA:74,1
DA:75,1
DA:76,1
DA:77,1
DA:78,1
DA:79,4
DA:80,11
DA:81,0
DA:82,0
DA:83,0
DA:84,0
DA:85,0
DA:86,0
DA:87,0
DA:88,0
DA:89,0
DA:90,4
DA:91,4
DA:92,4
DA:93,4
DA:94,4
DA:95,4
DA:96,4
DA:97,4
DA:98,4
DA:99,4
DA:100,4
DA:101,4
DA:102,11
DA:103,11
DA:104,11
DA:105,11
DA:106,11
DA:107,11
DA:108,11
DA:109,11
DA:110,11
DA:111,11
DA:112,11
DA:113,11
DA:114,11
DA:115,11
DA:116,11
DA:117,11
DA:118,11
DA:119,11
DA:120,11
DA:121,11
DA:122,11
DA:123,11
DA:124,11
DA:125,11
DA:126,11
DA:127,11
DA:128,4
DA:129,4
DA:130,4
DA:131,4
DA:132,4
DA:133,4
DA:134,0
DA:135,0
DA:136,0
DA:137,0
DA:138,11
DA:139,11
DA:140,11
DA:141,11
DA:142,11
DA:143,11
DA:144,11
DA:145,11
DA:146,11
DA:147,11
DA:148,11
DA:149,11
DA:150,11
DA:151,11
DA:152,11
DA:153,11
DA:154,11
DA:155,11
DA:156,11
DA:157,11
DA:158,11
DA:159,11
DA:160,11
DA:161,11
DA:162,11
DA:163,11
DA:164,11
DA:165,11
DA:166,11
DA:167,11
DA:168,11
DA:169,11
DA:170,11
DA:171,11
DA:172,11
DA:173,4
DA:174,0
DA:175,11
DA:176,11
DA:177,11
DA:178,11
DA:179,11
DA:180,11
DA:181,11
DA:182,11
DA:183,11
DA:184,4
DA:185,4
DA:186,4
DA:187,4
DA:188,8
DA:189,8
DA:190,8
DA:191,8
DA:192,8
DA:193,8
DA:194,8
DA:195,4
DA:196,4
DA:197,4
DA:198,11
DA:199,11
DA:200,11
DA:201,11
DA:202,11
DA:203,11
DA:204,1
DA:205,1
DA:206,1
DA:207,1
DA:208,1
DA:209,1
DA:210,1
DA:211,1
DA:212,1
DA:213,1
DA:214,1
DA:215,1
DA:216,1
DA:217,1
DA:218,1
DA:219,1
DA:220,1
DA:221,1
DA:222,1
DA:223,1
DA:224,1
DA:225,1
DA:226,1
DA:227,1
DA:228,1
DA:229,1
DA:230,1
DA:231,1
DA:232,1
DA:233,1
DA:234,1
DA:235,1
DA:236,1
DA:237,1
DA:238,1
DA:239,1
DA:240,1
DA:241,1
DA:242,1
DA:243,1
DA:244,1
DA:245,1
DA:246,1
DA:247,1
DA:248,1
DA:249,1
DA:250,1
DA:251,1
DA:252,1
DA:253,1
DA:254,1
DA:255,1
DA:256,1
DA:257,1
DA:258,1
DA:259,1
DA:260,1
DA:261,1
DA:262,1
DA:263,1
DA:264,1
DA:265,1
DA:266,1
DA:267,1
DA:268,1
DA:269,1
DA:270,1
DA:271,1
DA:272,1
DA:273,1
DA:274,1
DA:275,1
DA:276,1
DA:277,1
DA:278,1
DA:279,1
DA:280,1
DA:281,1
DA:282,1
DA:283,1
DA:284,1
DA:285,1
DA:286,1
DA:287,1
DA:288,1
DA:289,1
DA:290,1
DA:291,1
DA:292,1
DA:293,1
DA:294,1
DA:295,1
DA:296,1
DA:297,1
DA:298,1
DA:299,1
DA:300,1
DA:301,1
DA:302,1
DA:303,1
DA:304,1
DA:305,1
DA:306,1
DA:307,1
DA:308,1
DA:309,1
DA:310,1
DA:311,1
DA:312,1
DA:313,1
DA:314,1
DA:315,1
DA:316,1
DA:317,1
DA:318,1
DA:319,1
DA:320,1
DA:321,1
DA:322,1
DA:323,1
DA:324,1
DA:325,1
DA:326,1
DA:327,1
DA:328,1
DA:329,1
DA:330,1
DA:331,1
DA:332,1
DA:333,1
DA:334,1
DA:335,1
DA:336,1
DA:337,1
DA:338,1
DA:339,1
DA:340,1
DA:341,1
DA:342,1
DA:343,1
DA:344,1
DA:345,1
DA:346,1
DA:347,1
DA:348,1
DA:349,1
DA:350,1
DA:351,1
DA:352,1
DA:353,1
DA:354,1
DA:355,1
DA:356,1
DA:357,1
DA:358,1
DA:359,1
DA:360,1
DA:361,1
DA:362,1
DA:363,1
DA:364,1
DA:365,1
DA:366,1
DA:367,1
DA:368,1
DA:369,1
DA:370,1
DA:371,1
LF:371
LH:357
BRDA:2,0,0,11
BRDA:2,1,0,0
BRDA:2,2,0,5
BRDA:2,3,0,6
BRDA:2,4,0,6
BRDA:2,5,0,6
BRDA:2,6,0,6
BRDA:2,7,0,10
BRDA:2,8,0,1
BRDA:2,9,0,37
BRDA:2,10,0,0
BRDA:2,11,0,0
BRDA:2,12,0,0
BRDA:2,13,0,37
BRDA:6,14,0,11
BRDA:48,15,0,6
BRDA:60,16,0,5
BRDA:69,17,0,1
BRDA:78,18,0,4
BRDA:80,19,0,0
BRDA:89,20,0,4
BRDA:102,21,0,0
BRDA:127,22,0,4
BRDA:127,23,0,4
BRDA:127,24,0,4
BRDA:134,25,0,0
BRDA:159,26,0,0
BRDA:162,27,0,4
BRDA:162,28,0,0
BRDA:162,29,0,4
BRDA:162,30,0,0
BRDA:168,31,0,4
BRDA:168,32,0,0
BRDA:168,33,0,4
BRDA:168,34,0,0
BRDA:173,35,0,4
BRDA:174,36,0,0
BRDA:178,37,0,4
BRDA:178,38,0,0
BRDA:183,39,0,4
BRDA:183,40,0,4
BRDA:14,41,0,6
BRDA:15,42,0,6
BRDA:15,43,0,6
BRDA:15,44,0,16
BRDA:15,45,0,20
BRDA:15,46,0,6
BRDA:18,47,0,4
BRDA:24,48,0,2
BRDA:38,49,0,1
BRDA:40,50,0,5
BRDA:28,51,0,5
BRDA:92,52,0,4
BRDA:92,53,0,0
BRDA:97,54,0,4
BRDA:107,55,0,1
BRDA:173,56,0,4
BRDA:187,57,0,8
BRF:58
BRH:43
end_of_record
TN:
SF:src\pages\Favorites.jsx
FN:2,asyncGeneratorStep
FN:2,_asyncToGenerator
FN:2,_next
FN:2,_throw
FN:2,_slicedToArray
FN:2,_nonIterableRest
FN:2,_unsupportedIterableToArray
FN:2,_arrayLikeToArray
FN:2,_iterableToArrayLimit
FN:2,_arrayWithHoles
FN:7,Favorites
FN:14,_callee
FN:14,_callee$
FN:43,removeFavorite
FN:128,onClick
FNF:15
FNH:11
FNDA:14,asyncGeneratorStep
FNDA:8,_asyncToGenerator
FNDA:13,_next
FNDA:1,_throw
FNDA:54,_slicedToArray
FNDA:0,_nonIterableRest
FNDA:0,_unsupportedIterableToArray
FNDA:0,_arrayLikeToArray
FNDA:0,_iterableToArrayLimit
FNDA:54,_arrayWithHoles
FNDA:18,Favorites
FNDA:8,_callee
FNDA:24,_callee$
FNDA:2,removeFavorite
FNDA:2,onClick
DA:1,1
DA:2,54
DA:3,1
DA:4,1
DA:5,1
DA:6,1
DA:7,1
DA:8,18
DA:9,18
DA:10,18
DA:11,18
DA:12,18
DA:13,18
DA:14,8
DA:15,8
DA:16,8
DA:17,7
DA:18,7
DA:19,7
DA:20,7
DA:21,7
DA:22,7
DA:23,1
DA:24,1
DA:25,6
DA:26,6
DA:27,6
DA:28,6
DA:29,6
DA:30,6
DA:31,5
DA:32,5
DA:33,1
DA:34,1
DA:35,8
DA:36,8
DA:37,8
DA:38,8
DA:39,8
DA:40,8
DA:41,18
DA:42,18
DA:43,18
DA:44,2
DA:45,2
DA:46,2
DA:47,2
DA:48,2
DA:49,2
DA:50,2
DA:51,2
DA:52,2
DA:53,2
DA:54,2
DA:55,2
DA:56,2
DA:57,2
DA:58,18
DA:59,18
DA:60,18
DA:61,8
DA:62,8
DA:63,8
DA:64,8
DA:65,8
DA:66,8
DA:67,8
DA:68,8
DA:69,8
DA:70,8
DA:71,8
DA:72,8
DA:73,8
DA:74,8
DA:75,8
DA:76,10
DA:77,18
DA:78,1
DA:79,1
DA:80,1
DA:81,1
DA:82,1
DA:83,1
DA:84,9
DA:85,18
DA:86,3
DA:87,3
DA:88,3
DA:89,3
DA:90,3
DA:91,3
DA:92,3
DA:93,3
DA:94,3
DA:95,3
DA:96,6
DA:97,6
DA:98,6
DA:99,6
DA:100,6
DA:101,6
DA:102,6
DA:103,8
DA:104,8
DA:105,8
DA:106,8
DA:107,8
DA:108,8
DA:109,8
DA:110,8
DA:111,8
DA:112,8
DA:113,8
DA:114,8
DA:115,8
DA:116,8
DA:117,8
DA:118,8
DA:119,8
DA:120,8
DA:121,8
DA:122,8
DA:123,8
DA:124,8
DA:125,8
DA:126,8
DA:127,8
DA:128,8
DA:129,8
DA:130,8
DA:131,8
DA:132,8
DA:133,8
DA:134,8
DA:135,8
DA:136,8
DA:137,8
DA:138,8
DA:139,8
DA:140,8
DA:141,8
DA:142,8
DA:143,8
DA:144,8
DA:145,8
DA:146,8
DA:147,6
DA:148,6
DA:149,6
DA:150,6
DA:151,6
DA:152,1
DA:153,1
LF:153
LH:153
BRDA:2,0,0,14
BRDA:2,1,0,0
BRDA:2,2,0,8
BRDA:2,3,0,6
BRDA:2,4,0,8
BRDA:2,5,0,8
BRDA:2,6,0,8
BRDA:2,7,0,13
BRDA:2,8,0,1
BRDA:2,9,0,54
BRDA:2,10,0,0
BRDA:2,11,0,0
BRDA:2,12,0,0
BRDA:2,13,0,54
BRDA:7,14,0,18
BRDA:60,15,0,8
BRDA:75,16,0,10
BRDA:77,17,0,1
BRDA:83,18,0,9
BRDA:85,19,0,3
BRDA:95,20,0,6
BRDA:13,21,0,8
BRDA:14,22,0,8
BRDA:14,23,0,8
BRDA:14,24,0,24
BRDA:14,25,0,42
BRDA:14,26,0,8
BRDA:16,27,0,7
BRDA:16,28,0,1
BRDA:16,29,0,7
BRDA:20,30,0,0
BRDA:22,31,0,6
BRDA:22,32,0,1
BRDA:25,33,0,6
BRDA:30,34,0,5
BRDA:33,35,0,1
BRDA:35,36,0,8
BRDA:29,37,0,8
BRDA:43,38,0,2
BRDA:46,39,0,0
BRDA:49,40,0,3
BRDA:55,41,0,2
BRDA:56,42,0,3
BRDA:102,43,0,8
BRDA:122,44,0,0
BRDA:122,45,0,0
BRDA:128,46,0,2
BRF:47
BRH:39
end_of_record
TN:
SF:src\pages\Home.jsx
FN:2,asyncGeneratorStep
FN:2,_asyncToGenerator
FN:2,_next
FN:2,_throw
FN:2,_toConsumableArray
FN:2,_nonIterableSpread
FN:2,_iterableToArray
FN:2,_arrayWithoutHoles
FN:2,_slicedToArray
FN:2,_nonIterableRest
FN:2,_unsupportedIterableToArray
FN:2,_arrayLikeToArray
FN:2,_iterableToArrayLimit
FN:2,_arrayWithHoles
FN:7,Home
FN:17,getFavorites
FN:26,toggleFavorite
FN:52,_callee
FN:52,_callee$
FN:115,onChange
FN:122,onChange
FN:177,onClick
FNF:22
FNH:17
FNDA:12,asyncGeneratorStep
FNDA:6,_asyncToGenerator
FNDA:11,_next
FNDA:1,_throw
FNDA:14,_toConsumableArray
FNDA:0,_nonIterableSpread
FNDA:0,_iterableToArray
FNDA:14,_arrayWithoutHoles
FNDA:182,_slicedToArray
FNDA:0,_nonIterableRest
FNDA:0,_unsupportedIterableToArray
FNDA:14,_arrayLikeToArray
FNDA:0,_iterableToArrayLimit
FNDA:182,_arrayWithHoles
FNDA:27,Home
FNDA:12,getFavorites
FNDA:1,toggleFavorite
FNDA:6,_callee
FNDA:18,_callee$
FNDA:1,onChange
FNDA:1,onChange
FNDA:1,onClick
DA:1,1
DA:2,182
DA:3,1
DA:4,1
DA:5,1
DA:6,1
DA:7,1
DA:8,27
DA:9,27
DA:10,27
DA:11,27
DA:12,27
DA:13,27
DA:14,27
DA:15,27
DA:16,27
DA:17,27
DA:18,12
DA:19,12
DA:20,12
DA:21,27
DA:22,27
DA:23,27
DA:24,27
DA:25,27
DA:26,27
DA:27,1
DA:28,1
DA:29,1
DA:30,1
DA:31,1
DA:32,1
DA:33,0
DA:34,0
DA:35,0
DA:36,0
DA:37,1
DA:38,1
DA:39,1
DA:40,1
DA:41,1
DA:42,1
DA:43,27
DA:44,27
DA:45,27
DA:46,27
DA:47,6
DA:48,27
DA:49,27
DA:50,27
DA:51,27
DA:52,6
DA:53,6
DA:54,6
DA:55,6
DA:56,5
DA:57,5
DA:58,1
DA:59,1
DA:60,6
DA:61,6
DA:62,6
DA:63,6
DA:64,6
DA:65,6
DA:66,27
DA:67,27
DA:68,27
DA:69,27
DA:70,12
DA:71,12
DA:72,12
DA:73,1
DA:74,2
DA:75,1
DA:76,1
DA:77,12
DA:78,12
DA:79,1
DA:80,2
DA:81,1
DA:82,1
DA:83,12
DA:84,12
DA:85,27
DA:86,27
DA:87,27
DA:88,12
DA:89,12
DA:90,12
DA:91,12
DA:92,12
DA:93,12
DA:94,14
DA:95,27
DA:96,1
DA:97,1
DA:98,1
DA:99,1
DA:100,1
DA:101,1
DA:102,13
DA:103,13
DA:104,13
DA:105,13
DA:106,13
DA:107,13
DA:108,13
DA:109,13
DA:110,13
DA:111,13
DA:112,13
DA:113,13
DA:114,13
DA:115,13
DA:116,13
DA:117,13
DA:118,13
DA:119,13
DA:120,13
DA:121,13
DA:122,13
DA:123,13
DA:124,13
DA:125,13
DA:126,13
DA:127,13
DA:128,13
DA:129,13
DA:130,13
DA:131,13
DA:132,13
DA:133,13
DA:134,13
DA:135,13
DA:136,13
DA:137,24
DA:138,24
DA:139,24
DA:140,24
DA:141,24
DA:142,24
DA:143,24
DA:144,24
DA:145,24
DA:146,24
DA:147,24
DA:148,24
DA:149,24
DA:150,24
DA:151,24
DA:152,24
DA:153,24
DA:154,24
DA:155,24
DA:156,24
DA:157,24
DA:158,24
DA:159,24
DA:160,24
DA:161,24
DA:162,24
DA:163,24
DA:164,24
DA:165,24
DA:166,24
DA:167,24
DA:168,24
DA:169,24
DA:170,24
DA:171,24
DA:172,24
DA:173,24
DA:174,24
DA:175,24
DA:176,24
DA:177,24
DA:178,24
DA:179,24
DA:180,24
DA:181,23
DA:182,24
DA:183,24
DA:184,24
DA:185,24
DA:186,24
DA:187,24
DA:188,24
DA:189,24
DA:190,24
DA:191,24
DA:192,24
DA:193,24
DA:194,24
DA:195,24
DA:196,24
DA:197,24
DA:198,24
DA:199,24
DA:200,24
DA:201,24
DA:202,24
DA:203,24
DA:204,13
DA:205,13
DA:206,13
DA:207,13
DA:208,0
DA:209,0
DA:210,0
DA:211,0
DA:212,0
DA:213,27
DA:214,27
DA:215,27
DA:216,27
DA:217,1
DA:218,1
LF:218
LH:209
BRDA:2,0,0,12
BRDA:2,1,0,0
BRDA:2,2,0,6
BRDA:2,3,0,6
BRDA:2,4,0,6
BRDA:2,5,0,6
BRDA:2,6,0,6
BRDA:2,7,0,11
BRDA:2,8,0,1
BRDA:2,9,0,14
BRDA:2,10,0,0
BRDA:2,11,0,0
BRDA:2,12,0,0
BRDA:2,13,0,14
BRDA:2,14,0,182
BRDA:2,15,0,0
BRDA:2,16,0,0
BRDA:2,17,0,0
BRDA:2,18,0,14
BRDA:2,19,0,0
BRDA:2,20,0,12
BRDA:2,21,0,182
BRDA:7,22,0,27
BRDA:87,23,0,12
BRDA:93,24,0,14
BRDA:95,25,0,1
BRDA:101,26,0,13
BRDA:207,27,0,0
BRDA:17,28,0,12
BRDA:18,29,0,0
BRDA:20,30,0,0
BRDA:26,31,0,1
BRDA:27,32,0,0
BRDA:32,33,0,0
BRDA:46,34,0,6
BRDA:51,35,0,6
BRDA:52,36,0,6
BRDA:52,37,0,6
BRDA:52,38,0,18
BRDA:52,39,0,23
BRDA:52,40,0,6
BRDA:55,41,0,5
BRDA:58,42,0,1
BRDA:60,43,0,6
BRDA:69,44,0,12
BRDA:72,45,0,1
BRDA:78,46,0,1
BRDA:73,47,0,2
BRDA:79,48,0,2
BRDA:115,49,0,1
BRDA:122,50,0,1
BRDA:136,51,0,24
BRDA:169,52,0,0
BRDA:169,53,0,0
BRDA:179,54,0,1
BRDA:180,55,0,23
BRDA:187,56,0,1
BRDA:187,57,0,23
BRDA:198,58,0,1
BRDA:198,59,0,23
BRDA:177,60,0,1
BRF:61
BRH:46
end_of_record
TN:
SF:src\pages\Login.jsx
FN:6,Login
FN:18,handleChange
FN:26,handleSubmit
FNF:3
FNH:3
FNDA:15,Login
FNDA:6,handleChange
FNDA:3,handleSubmit
DA:1,1
DA:2,1
DA:3,1
DA:4,1
DA:5,1
DA:6,1
DA:7,15
DA:8,15
DA:9,15
DA:10,15
DA:11,15
DA:12,15
DA:13,15
DA:14,15
DA:15,15
DA:16,15
DA:17,15
DA:18,15
DA:19,6
DA:20,6
DA:21,6
DA:22,6
DA:23,6
DA:24,15
DA:25,15
DA:26,15
DA:27,3
DA:28,3
DA:29,3
DA:30,3
DA:31,1
DA:32,1
DA:33,1
DA:34,2
DA:35,2
DA:36,2
DA:37,15
DA:38,15
DA:39,15
DA:40,15
DA:41,15
DA:42,15
DA:43,15
DA:44,1
DA:45,1
DA:46,1
DA:47,15
DA:48,15
DA:49,15
DA:50,15
DA:51,15
DA:52,15
DA:53,15
DA:54,15
DA:55,15
DA:56,15
DA:57,15
DA:58,15
DA:59,15
DA:60,15
DA:61,15
DA:62,15
DA:63,15
DA:64,15
DA:65,15
DA:66,15
DA:67,15
DA:68,15
DA:69,15
DA:70,15
DA:71,15
DA:72,15
DA:73,15
DA:74,15
DA:75,15
DA:76,15
DA:77,15
DA:78,15
DA:79,15
DA:80,15
DA:81,15
DA:82,15
DA:83,15
DA:84,15
DA:85,15
DA:86,15
DA:87,15
DA:88,15
DA:89,15
DA:90,15
DA:91,15
DA:92,15
DA:93,15
DA:94,15
DA:95,15
DA:96,15
DA:97,15
DA:98,15
DA:99,15
DA:100,1
DA:101,1
DA:102,1
DA:103,1
DA:104,1
DA:105,1
DA:106,1
DA:107,1
DA:108,1
DA:109,1
DA:110,1
DA:111,1
DA:112,1
DA:113,1
DA:114,1
DA:115,1
DA:116,1
DA:117,1
DA:118,1
DA:119,1
DA:120,1
DA:121,1
DA:122,1
DA:123,1
DA:124,1
DA:125,1
DA:126,1
DA:127,1
DA:128,1
DA:129,1
DA:130,1
DA:131,1
DA:132,1
DA:133,1
DA:134,1
DA:135,1
DA:136,1
DA:137,1
DA:138,1
DA:139,1
DA:140,1
DA:141,1
DA:142,1
DA:143,1
DA:144,1
DA:145,1
DA:146,1
DA:147,1
DA:148,1
DA:149,1
DA:150,1
DA:151,1
DA:152,1
DA:153,1
DA:154,1
DA:155,1
DA:156,1
DA:157,1
DA:158,1
DA:159,1
DA:160,1
DA:161,1
DA:162,1
DA:163,1
DA:164,1
DA:165,1
DA:166,1
DA:167,1
DA:168,1
DA:169,1
DA:170,1
DA:171,1
DA:172,1
DA:173,1
DA:174,1
DA:175,1
DA:176,1
DA:177,1
DA:178,1
DA:179,1
DA:180,1
DA:181,1
DA:182,1
DA:183,1
DA:184,1
DA:185,1
DA:186,1
DA:187,1
DA:188,1
DA:189,1
DA:190,1
DA:191,1
DA:192,1
DA:193,1
DA:194,1
DA:195,1
DA:196,1
DA:197,1
DA:198,1
DA:199,1
DA:200,1
DA:201,1
DA:202,1
DA:203,1
DA:204,1
DA:205,1
DA:206,1
DA:207,1
DA:208,1
DA:209,1
DA:210,1
DA:211,1
LF:211
LH:211
BRDA:6,0,0,15
BRDA:16,1,0,11
BRDA:16,2,0,11
BRDA:16,3,0,11
BRDA:16,4,0,4
BRDA:16,5,0,11
BRDA:16,6,0,4
BRDA:43,7,0,1
BRDA:18,8,0,6
BRDA:26,9,0,3
BRDA:30,10,0,2
BRDA:30,11,0,1
BRDA:33,12,0,2
BRF:13
BRH:13
end_of_record
TN:
SF:src\pages\Register.jsx
FN:6,Register
FN:17,handleChange
FN:25,handleSubmit
FNF:3
FNH:3
FNDA:33,Register
FNDA:20,handleChange
FNDA:6,handleSubmit
DA:1,1
DA:2,1
DA:3,1
DA:4,1
DA:5,1
DA:6,1
DA:7,33
DA:8,33
DA:9,33
DA:10,33
DA:11,33
DA:12,33
DA:13,33
DA:14,33
DA:15,33
DA:16,33
DA:17,33
DA:18,20
DA:19,20
DA:20,20
DA:21,20
DA:22,20
DA:23,33
DA:24,33
DA:25,33
DA:26,6
DA:27,6
DA:28,6
DA:29,6
DA:30,6
DA:31,2
DA:32,2
DA:33,2
DA:34,4
DA:35,6
DA:36,1
DA:37,1
DA:38,1
DA:39,3
DA:40,6
DA:41,1
DA:42,1
DA:43,1
DA:44,2
DA:45,2
DA:46,2
DA:47,2
DA:48,2
DA:49,2
DA:50,2
DA:51,2
DA:52,2
DA:53,2
DA:54,2
DA:55,2
DA:56,33
DA:57,33
DA:58,33
DA:59,33
DA:60,33
DA:61,33
DA:62,33
DA:63,8
DA:64,8
DA:65,8
DA:66,33
DA:67,33
DA:68,33
DA:69,33
DA:70,33
DA:71,33
DA:72,33
DA:73,33
DA:74,33
DA:75,33
DA:76,33
DA:77,33
DA:78,33
DA:79,33
DA:80,33
DA:81,33
DA:82,33
DA:83,33
DA:84,33
DA:85,33
DA:86,33
DA:87,33
DA:88,33
DA:89,33
DA:90,33
DA:91,33
DA:92,33
DA:93,33
DA:94,33
DA:95,33
DA:96,33
DA:97,33
DA:98,33
DA:99,33
DA:100,33
DA:101,33
DA:102,33
DA:103,33
DA:104,33
DA:105,33
DA:106,33
DA:107,33
DA:108,33
DA:109,33
DA:110,33
DA:111,33
DA:112,33
DA:113,33
DA:114,33
DA:115,33
DA:116,33
DA:117,33
DA:118,33
DA:119,33
DA:120,33
DA:121,33
DA:122,33
DA:123,33
DA:124,33
DA:125,33
DA:126,33
DA:127,33
DA:128,33
DA:129,33
DA:130,33
DA:131,33
DA:132,33
DA:133,33
DA:134,33
DA:135,33
DA:136,33
DA:137,33
DA:138,33
DA:139,33
DA:140,1
DA:141,1
LF:141
LH:141
BRDA:6,0,0,33
BRDA:62,1,0,8
BRDA:17,2,0,20
BRDA:25,3,0,6
BRDA:30,4,0,4
BRDA:30,5,0,4
BRDA:30,6,0,2
BRDA:33,7,0,4
BRDA:35,8,0,1
BRDA:38,9,0,3
BRDA:40,10,0,1
BRDA:43,11,0,2
BRF:12
BRH:12
end_of_record
TN:
SF:src\services\api.js
FN:4,_callee
FN:18,_callee2
FN:33,_callee3
FN:50,_callee4
FNF:4
FNH:0
FNDA:0,_callee
FNDA:0,_callee2
FNDA:0,_callee3
FNDA:0,_callee4
DA:1,1
DA:2,1
DA:3,1
DA:4,1
DA:5,0
DA:6,0
DA:7,0
DA:8,0
DA:9,0
DA:10,0
DA:11,0
DA:12,0
DA:13,1
DA:14,1
DA:15,1
DA:16,1
DA:17,1
DA:18,1
DA:19,0
DA:20,0
DA:21,0
DA:22,0
DA:23,0
DA:24,0
DA:25,0
DA:26,0
DA:27,0
DA:28,1
DA:29,1
DA:30,1
DA:31,1
DA:32,1
DA:33,1
DA:34,0
DA:35,0
DA:36,0
DA:37,0
DA:38,0
DA:39,0
DA:40,0
DA:41,0
DA:42,0
DA:43,0
DA:44,0
DA:45,1
DA:46,1
DA:47,1
DA:48,1
DA:49,1
DA:50,1
DA:51,0
DA:52,0
DA:53,0
DA:54,0
DA:55,0
DA:56,0
DA:57,0
DA:58,0
DA:59,1
DA:60,1
DA:61,1
LF:61
LH:25
BRDA:4,0,0,2
BRDA:18,1,0,2
BRDA:33,2,0,2
BRDA:50,3,0,2
BRF:4
BRH:4
end_of_record
